Test run for D:\Colony_Simulator\Colony_Simulator\tests\DualFrontier.Core.Tests\bin\Release\net8.0\DualFrontier.Core.Tests.dll (.NETCoreApp,Version=v8.0)
A total of 1 test files matched the specified pattern.
[xUnit.net 00:00:00.00] xUnit.net VSTest Adapter v2.8.2+699d445a1a (64-bit .NET 8.0.27)
[xUnit.net 00:00:01.16]   Discovering: DualFrontier.Core.Tests
[xUnit.net 00:00:01.21]   Discovered:  DualFrontier.Core.Tests
[xUnit.net 00:00:01.21]   Starting:    DualFrontier.Core.Tests
  Passed DualFrontier.Core.Tests.Scheduling.SchedulerStressTests.NativeGraph_FiveThousandSystems_RandomDag_ComputesAndTicksWithoutError [40 s]
[xUnit.net 00:00:42.65]     DualFrontier.Core.Tests.Scheduling.SchedulerStressTests.BusTiers_AllThreeTiers_HighContentionPublish_RespectsTierContract [FAIL]
[xUnit.net 00:00:42.65]       Expected facade.RegisterEventType<StressBackgroundEvent>() to be True, but found False.
[xUnit.net 00:00:42.66]       Stack Trace:
[xUnit.net 00:00:42.66]            at FluentAssertions.Execution.XUnit2TestFramework.Throw(String message)
[xUnit.net 00:00:42.66]            at FluentAssertions.Execution.TestFrameworkProvider.Throw(String message)
[xUnit.net 00:00:42.66]            at FluentAssertions.Execution.DefaultAssertionStrategy.HandleFailure(String message)
[xUnit.net 00:00:42.66]            at FluentAssertions.Execution.AssertionScope.FailWith(Func`1 failReasonFunc)
[xUnit.net 00:00:42.66]            at FluentAssertions.Primitives.BooleanAssertions`1.BeTrue(String because, Object[] becauseArgs)
[xUnit.net 00:00:42.66]         D:\Colony_Simulator\Colony_Simulator\tests\DualFrontier.Core.Tests\Scheduling\SchedulerStressTests.cs(250,0): at DualFrontier.Core.Tests.Scheduling.SchedulerStressTests.BusTiers_AllThreeTiers_HighContentionPublish_RespectsTierContract()
[xUnit.net 00:00:42.66]            at System.RuntimeMethodHandle.InvokeMethod(Object target, Void** arguments, Signature sig, Boolean isConstructor)
[xUnit.net 00:00:42.66]            at System.Reflection.MethodBaseInvoker.InvokeWithNoArgs(Object obj, BindingFlags invokeAttr)
  Passed DualFrontier.Core.Tests.Scheduling.SchedulerStressTests.SchedulingPolicies_OrderByPriority_ParallelCalls_DeterministicAndCorrectlyOrdered [30 ms]
  Failed DualFrontier.Core.Tests.Scheduling.SchedulerStressTests.BusTiers_AllThreeTiers_HighContentionPublish_RespectsTierContract [789 ms]
  Error Message:
   Expected facade.RegisterEventType<StressBackgroundEvent>() to be True, but found False.
  Stack Trace:
     at FluentAssertions.Execution.XUnit2TestFramework.Throw(String message)
   at FluentAssertions.Execution.TestFrameworkProvider.Throw(String message)
   at FluentAssertions.Execution.DefaultAssertionStrategy.HandleFailure(String message)
   at FluentAssertions.Execution.AssertionScope.FailWith(Func`1 failReasonFunc)
   at FluentAssertions.Primitives.BooleanAssertions`1.BeTrue(String because, Object[] becauseArgs)
   at DualFrontier.Core.Tests.Scheduling.SchedulerStressTests.BusTiers_AllThreeTiers_HighContentionPublish_RespectsTierContract() in D:\Colony_Simulator\Colony_Simulator\tests\DualFrontier.Core.Tests\Scheduling\SchedulerStressTests.cs:line 250
   at System.RuntimeMethodHandle.InvokeMethod(Object target, Void** arguments, Signature sig, Boolean isConstructor)
   at System.Reflection.MethodBaseInvoker.InvokeWithNoArgs(Object obj, BindingFlags invokeAttr)
[xUnit.net 00:00:51.57]   Finished:    DualFrontier.Core.Tests
  Passed DualFrontier.Core.Tests.Scheduling.SchedulerStressTests.ManagedScheduler_WideLayerPlusDeepChain_DoesNotDeadlockAndExecutesAllSystems [8 s]

Test Run Failed.
Total tests: 4
     Passed: 3
     Failed: 1
 Total time: 54.2749 Seconds
